This is pdfTeX, Version 3.141592653-2.6-1.40.22 (TeX Live 2022/dev/Debian) (preloaded format=pdflatex 2023.7.20)  6 AUG 2023 21:59
entering extended mode
 restricted \write18 enabled.
 %&-line parsing enabled.
**from2023.tex
(./from2023.tex
LaTeX2e <2021-11-15> patch level 1
L3 programming layer <2022-01-21> (./eptcs.cls
Document Class: eptcs 2022/05/20 v1.7
(/usr/share/texlive/texmf-dist/tex/latex/base/article.cls
Document Class: article 2021/10/04 v1.4n Standard LaTeX document class
(/usr/share/texlive/texmf-dist/tex/latex/base/size11.clo
File: size11.clo 2021/10/04 v1.4n Standard LaTeX file (size option)
)
\c@part=\count185
\c@section=\count186
\c@subsection=\count187
\c@subsubsection=\count188
\c@paragraph=\count189
\c@subparagraph=\count190
\c@figure=\count191
\c@table=\count192
\abovecaptionskip=\skip47
\belowcaptionskip=\skip48
\bibindent=\dimen138
)
(/usr/share/texlive/texmf-dist/tex/latex/hyperref/hyperref.sty
Package: hyperref 2021-06-07 v7.00m Hypertext links for LaTeX

(/usr/share/texlive/texmf-dist/tex/generic/ltxcmds/ltxcmds.sty
Package: ltxcmds 2020-05-10 v1.25 LaTeX kernel commands for general use (HO)
)
(/usr/share/texlive/texmf-dist/tex/generic/iftex/iftex.sty
Package: iftex 2020/03/06 v1.0d TeX engine tests
)
(/usr/share/texlive/texmf-dist/tex/generic/pdftexcmds/pdftexcmds.sty
Package: pdftexcmds 2020-06-27 v0.33 Utility functions of pdfTeX for LuaTeX (HO
)

(/usr/share/texlive/texmf-dist/tex/generic/infwarerr/infwarerr.sty
Package: infwarerr 2019/12/03 v1.5 Providing info/warning/error messages (HO)
)
Package pdftexcmds Info: \pdf@primitive is available.
Package pdftexcmds Info: \pdf@ifprimitive is available.
Package pdftexcmds Info: \pdfdraftmode found.
)
(/usr/share/texlive/texmf-dist/tex/latex/graphics/keyval.sty
Package: keyval 2014/10/28 v1.15 key=value parser (DPC)
\KV@toks@=\toks16
)
(/usr/share/texlive/texmf-dist/tex/generic/kvsetkeys/kvsetkeys.sty
Package: kvsetkeys 2019/12/15 v1.18 Key value parser (HO)
)
(/usr/share/texlive/texmf-dist/tex/generic/kvdefinekeys/kvdefinekeys.sty
Package: kvdefinekeys 2019-12-19 v1.6 Define keys (HO)
)
(/usr/share/texlive/texmf-dist/tex/generic/pdfescape/pdfescape.sty
Package: pdfescape 2019/12/09 v1.15 Implements pdfTeX's escape features (HO)
)
(/usr/share/texlive/texmf-dist/tex/latex/hycolor/hycolor.sty
Package: hycolor 2020-01-27 v1.10 Color options for hyperref/bookmark (HO)
)
(/usr/share/texlive/texmf-dist/tex/latex/letltxmacro/letltxmacro.sty
Package: letltxmacro 2019/12/03 v1.6 Let assignment for LaTeX macros (HO)
)
(/usr/share/texlive/texmf-dist/tex/latex/auxhook/auxhook.sty
Package: auxhook 2019-12-17 v1.6 Hooks for auxiliary files (HO)
)
(/usr/share/texlive/texmf-dist/tex/latex/kvoptions/kvoptions.sty
Package: kvoptions 2020-10-07 v3.14 Key value format for package options (HO)
)
\@linkdim=\dimen139
\Hy@linkcounter=\count193
\Hy@pagecounter=\count194

(/usr/share/texlive/texmf-dist/tex/latex/hyperref/pd1enc.def
File: pd1enc.def 2021-06-07 v7.00m Hyperref: PDFDocEncoding definition (HO)
Now handling font encoding PD1 ...
... no UTF-8 mapping file for font encoding PD1
)
(/usr/share/texlive/texmf-dist/tex/latex/hyperref/hyperref-langpatches.def
File: hyperref-langpatches.def 2021-06-07 v7.00m Hyperref: patches for babel la
nguages
)
(/usr/share/texlive/texmf-dist/tex/generic/intcalc/intcalc.sty
Package: intcalc 2019/12/15 v1.3 Expandable calculations with integers (HO)
)
(/usr/share/texlive/texmf-dist/tex/generic/etexcmds/etexcmds.sty
Package: etexcmds 2019/12/15 v1.7 Avoid name clashes with e-TeX commands (HO)
)
\Hy@SavedSpaceFactor=\count195

(/usr/share/texlive/texmf-dist/tex/latex/hyperref/puenc.def
File: puenc.def 2021-06-07 v7.00m Hyperref: PDF Unicode definition (HO)
Now handling font encoding PU ...
... no UTF-8 mapping file for font encoding PU
)
Package hyperref Info: Hyper figures OFF on input line 4192.
Package hyperref Info: Link nesting OFF on input line 4197.
Package hyperref Info: Hyper index ON on input line 4200.
Package hyperref Info: Plain pages OFF on input line 4207.
Package hyperref Info: Backreferencing OFF on input line 4212.
Package hyperref Info: Implicit mode ON; LaTeX internals redefined.
Package hyperref Info: Bookmarks ON on input line 4445.
\c@Hy@tempcnt=\count196

(/usr/share/texlive/texmf-dist/tex/latex/url/url.sty
\Urlmuskip=\muskip16
Package: url 2013/09/16  ver 3.4  Verb mode for urls, etc.
)
LaTeX Info: Redefining \url on input line 4804.
\XeTeXLinkMargin=\dimen140

(/usr/share/texlive/texmf-dist/tex/generic/bitset/bitset.sty
Package: bitset 2019/12/09 v1.3 Handle bit-vector datatype (HO)

(/usr/share/texlive/texmf-dist/tex/generic/bigintcalc/bigintcalc.sty
Package: bigintcalc 2019/12/15 v1.5 Expandable calculations on big integers (HO
)
))
\Fld@menulength=\count197
\Field@Width=\dimen141
\Fld@charsize=\dimen142
Package hyperref Info: Hyper figures OFF on input line 6076.
Package hyperref Info: Link nesting OFF on input line 6081.
Package hyperref Info: Hyper index ON on input line 6084.
Package hyperref Info: backreferencing OFF on input line 6091.
Package hyperref Info: Link coloring OFF on input line 6096.
Package hyperref Info: Link coloring with OCG OFF on input line 6101.
Package hyperref Info: PDF/A mode OFF on input line 6106.
LaTeX Info: Redefining \ref on input line 6146.
LaTeX Info: Redefining \pageref on input line 6150.

(/usr/share/texlive/texmf-dist/tex/latex/base/atbegshi-ltx.sty
Package: atbegshi-ltx 2021/01/10 v1.0c Emulation of the original atbegshi
package with kernel methods
)
\Hy@abspage=\count198
\c@Item=\count199
\c@Hfootnote=\count266
)
Package hyperref Info: Driver (autodetected): hpdftex.

(/usr/share/texlive/texmf-dist/tex/latex/hyperref/hpdftex.def
File: hpdftex.def 2021-06-07 v7.00m Hyperref driver for pdfTeX

(/usr/share/texlive/texmf-dist/tex/latex/base/atveryend-ltx.sty
Package: atveryend-ltx 2020/08/19 v1.0a Emulation of the original atveryend pac
kage
with kernel methods
)
\Fld@listcount=\count267
\c@bookmark@seq@number=\count268

(/usr/share/texlive/texmf-dist/tex/latex/rerunfilecheck/rerunfilecheck.sty
Package: rerunfilecheck 2019/12/05 v1.9 Rerun checks for auxiliary files (HO)

(/usr/share/texlive/texmf-dist/tex/generic/uniquecounter/uniquecounter.sty
Package: uniquecounter 2019/12/15 v1.4 Provide unlimited unique counter (HO)
)
Package uniquecounter Info: New unique counter `rerunfilecheck' on input line 2
86.
)
\Hy@SectionHShift=\skip49
)
(/usr/share/texlive/texmf-dist/tex/latex/psnfss/mathptmx.sty
Package: mathptmx 2020/03/25 PSNFSS-v9.3 Times w/ Math, improved (SPQR, WaS) 
LaTeX Font Info:    Redeclaring symbol font `operators' on input line 28.
LaTeX Font Info:    Overwriting symbol font `operators' in version `normal'
(Font)                  OT1/cmr/m/n --> OT1/ztmcm/m/n on input line 28.
LaTeX Font Info:    Overwriting symbol font `operators' in version `bold'
(Font)                  OT1/cmr/bx/n --> OT1/ztmcm/m/n on input line 28.
LaTeX Font Info:    Redeclaring symbol font `letters' on input line 29.
LaTeX Font Info:    Overwriting symbol font `letters' in version `normal'
(Font)                  OML/cmm/m/it --> OML/ztmcm/m/it on input line 29.
LaTeX Font Info:    Overwriting symbol font `letters' in version `bold'
(Font)                  OML/cmm/b/it --> OML/ztmcm/m/it on input line 29.
LaTeX Font Info:    Redeclaring symbol font `symbols' on input line 30.
LaTeX Font Info:    Overwriting symbol font `symbols' in version `normal'
(Font)                  OMS/cmsy/m/n --> OMS/ztmcm/m/n on input line 30.
LaTeX Font Info:    Overwriting symbol font `symbols' in version `bold'
(Font)                  OMS/cmsy/b/n --> OMS/ztmcm/m/n on input line 30.
LaTeX Font Info:    Redeclaring symbol font `largesymbols' on input line 31.
LaTeX Font Info:    Overwriting symbol font `largesymbols' in version `normal'
(Font)                  OMX/cmex/m/n --> OMX/ztmcm/m/n on input line 31.
LaTeX Font Info:    Overwriting symbol font `largesymbols' in version `bold'
(Font)                  OMX/cmex/m/n --> OMX/ztmcm/m/n on input line 31.
\symbold=\mathgroup4
\symitalic=\mathgroup5
LaTeX Font Info:    Redeclaring math alphabet \mathbf on input line 34.
LaTeX Font Info:    Overwriting math alphabet `\mathbf' in version `normal'
(Font)                  OT1/cmr/bx/n --> OT1/ptm/bx/n on input line 34.
LaTeX Font Info:    Overwriting math alphabet `\mathbf' in version `bold'
(Font)                  OT1/cmr/bx/n --> OT1/ptm/bx/n on input line 34.
LaTeX Font Info:    Redeclaring math alphabet \mathit on input line 35.
LaTeX Font Info:    Overwriting math alphabet `\mathit' in version `normal'
(Font)                  OT1/cmr/m/it --> OT1/ptm/m/it on input line 35.
LaTeX Font Info:    Overwriting math alphabet `\mathit' in version `bold'
(Font)                  OT1/cmr/bx/it --> OT1/ptm/m/it on input line 35.
LaTeX Info: Redefining \hbar on input line 50.
)
\c@firstpage=\count269
)
(/usr/share/texlive/texmf-dist/tex/latex/underscore/underscore.sty
Package: underscore 2006/09/13
LaTeX Info: Redefining \_ on input line 42.
)
(/usr/share/texlive/texmf-dist/tex/latex/base/fontenc.sty
Package: fontenc 2021/04/29 v2.0v Standard LaTeX package
LaTeX Font Info:    Trying to load font information for T1+ptm on input line 11
2.

(/usr/share/texlive/texmf-dist/tex/latex/psnfss/t1ptm.fd
File: t1ptm.fd 2001/06/04 font definitions for T1/ptm.
)) (./coqdoc.sty
Package: coqdoc 2002/02/11
\coqdocbaseindent=\skip50

(/usr/share/texlive/texmf-dist/tex/generic/iftex/ifpdf.sty
Package: ifpdf 2019/10/25 v3.4 ifpdf legacy package. Use iftex instead.
)
Package hyperref Info: Option `raiselinks' set `true' on input line 114.
Package hyperref Info: Option `colorlinks' set `true' on input line 114.

(/usr/share/texlive/texmf-dist/tex/latex/tools/xr.sty
Package: xr 2020-05-10 v5.06 eXternal References (DPC)
)
(/usr/share/texlive/texmf-dist/tex/latex/xcolor/xcolor.sty
Package: xcolor 2021/10/31 v2.13 LaTeX color extensions (UK)

(/usr/share/texlive/texmf-dist/tex/latex/graphics-cfg/color.cfg
File: color.cfg 2016/01/02 v1.6 sample color configuration
)
Package xcolor Info: Driver file: pdftex.def on input line 227.

(/usr/share/texlive/texmf-dist/tex/latex/graphics-def/pdftex.def
File: pdftex.def 2020/10/05 v1.2a Graphics/color driver for pdftex
)
Package xcolor Info: Model `cmy' substituted by `cmy0' on input line 1352.
Package xcolor Info: Model `hsb' substituted by `rgb' on input line 1356.
Package xcolor Info: Model `RGB' extended on input line 1368.
Package xcolor Info: Model `HTML' substituted by `rgb' on input line 1370.
Package xcolor Info: Model `Hsb' substituted by `hsb' on input line 1371.
Package xcolor Info: Model `tHsb' substituted by `hsb' on input line 1372.
Package xcolor Info: Model `HSB' substituted by `hsb' on input line 1373.
Package xcolor Info: Model `Gray' substituted by `gray' on input line 1374.
Package xcolor Info: Model `wave' substituted by `hsb' on input line 1375.
))
(/usr/share/texlive/texmf-dist/tex/latex/mathpartir/mathpartir.sty
Package: mathpartir 2016/02/24 version 1.3.2 Math Paragraph for Typesetting Inf
erence Rules
\mpr@andskip=\skip51
\mpr@lista=\toks17
\mpr@listb=\toks18
\mpr@hlist=\box50
\mpr@vlist=\box51
\mpr@right=\box52
)
(/usr/share/texlive/texmf-dist/tex/latex/tcolorbox/tcolorbox.sty
Package: tcolorbox 2022/01/07 version 5.0.2 text color boxes

(/usr/share/texlive/texmf-dist/tex/latex/pgf/basiclayer/pgf.sty
(/usr/share/texlive/texmf-dist/tex/latex/pgf/utilities/pgfrcs.sty
(/usr/share/texlive/texmf-dist/tex/generic/pgf/utilities/pgfutil-common.tex
\pgfutil@everybye=\toks19
\pgfutil@tempdima=\dimen143
\pgfutil@tempdimb=\dimen144

(/usr/share/texlive/texmf-dist/tex/generic/pgf/utilities/pgfutil-common-lists.t
ex)) (/usr/share/texlive/texmf-dist/tex/generic/pgf/utilities/pgfutil-latex.def
\pgfutil@abb=\box53
) (/usr/share/texlive/texmf-dist/tex/generic/pgf/utilities/pgfrcs.code.tex
(/usr/share/texlive/texmf-dist/tex/generic/pgf/pgf.revision.tex)
Package: pgfrcs 2021/05/15 v3.1.9a (3.1.9a)
))
Package: pgf 2021/05/15 v3.1.9a (3.1.9a)

(/usr/share/texlive/texmf-dist/tex/latex/pgf/basiclayer/pgfcore.sty
(/usr/share/texlive/texmf-dist/tex/latex/graphics/graphicx.sty
Package: graphicx 2021/09/16 v1.2d Enhanced LaTeX Graphics (DPC,SPQR)

(/usr/share/texlive/texmf-dist/tex/latex/graphics/graphics.sty
Package: graphics 2021/03/04 v1.4d Standard LaTeX Graphics (DPC,SPQR)

(/usr/share/texlive/texmf-dist/tex/latex/graphics/trig.sty
Package: trig 2021/08/11 v1.11 sin cos tan (DPC)
)
(/usr/share/texlive/texmf-dist/tex/latex/graphics-cfg/graphics.cfg
File: graphics.cfg 2016/06/04 v1.11 sample graphics configuration
)
Package graphics Info: Driver file: pdftex.def on input line 107.
)
\Gin@req@height=\dimen145
\Gin@req@width=\dimen146
)
(/usr/share/texlive/texmf-dist/tex/latex/pgf/systemlayer/pgfsys.sty
(/usr/share/texlive/texmf-dist/tex/generic/pgf/systemlayer/pgfsys.code.tex
Package: pgfsys 2021/05/15 v3.1.9a (3.1.9a)

(/usr/share/texlive/texmf-dist/tex/generic/pgf/utilities/pgfkeys.code.tex
\pgfkeys@pathtoks=\toks20
\pgfkeys@temptoks=\toks21

(/usr/share/texlive/texmf-dist/tex/generic/pgf/utilities/pgfkeysfiltered.code.t
ex
\pgfkeys@tmptoks=\toks22
))
\pgf@x=\dimen147
\pgf@y=\dimen148
\pgf@xa=\dimen149
\pgf@ya=\dimen150
\pgf@xb=\dimen151
\pgf@yb=\dimen152
\pgf@xc=\dimen153
\pgf@yc=\dimen154
\pgf@xd=\dimen155
\pgf@yd=\dimen156
\w@pgf@writea=\write3
\r@pgf@reada=\read2
\c@pgf@counta=\count270
\c@pgf@countb=\count271
\c@pgf@countc=\count272
\c@pgf@countd=\count273
\t@pgf@toka=\toks23
\t@pgf@tokb=\toks24
\t@pgf@tokc=\toks25
\pgf@sys@id@count=\count274
 (/usr/share/texlive/texmf-dist/tex/generic/pgf/systemlayer/pgf.cfg
File: pgf.cfg 2021/05/15 v3.1.9a (3.1.9a)
)
Driver file for pgf: pgfsys-pdftex.def

(/usr/share/texlive/texmf-dist/tex/generic/pgf/systemlayer/pgfsys-pdftex.def
File: pgfsys-pdftex.def 2021/05/15 v3.1.9a (3.1.9a)

(/usr/share/texlive/texmf-dist/tex/generic/pgf/systemlayer/pgfsys-common-pdf.de
f
File: pgfsys-common-pdf.def 2021/05/15 v3.1.9a (3.1.9a)
)))
(/usr/share/texlive/texmf-dist/tex/generic/pgf/systemlayer/pgfsyssoftpath.code.
tex
File: pgfsyssoftpath.code.tex 2021/05/15 v3.1.9a (3.1.9a)
\pgfsyssoftpath@smallbuffer@items=\count275
\pgfsyssoftpath@bigbuffer@items=\count276
)
(/usr/share/texlive/texmf-dist/tex/generic/pgf/systemlayer/pgfsysprotocol.code.
tex
File: pgfsysprotocol.code.tex 2021/05/15 v3.1.9a (3.1.9a)
))
(/usr/share/texlive/texmf-dist/tex/generic/pgf/basiclayer/pgfcore.code.tex
Package: pgfcore 2021/05/15 v3.1.9a (3.1.9a)

(/usr/share/texlive/texmf-dist/tex/generic/pgf/math/pgfmath.code.tex
(/usr/share/texlive/texmf-dist/tex/generic/pgf/math/pgfmathcalc.code.tex
(/usr/share/texlive/texmf-dist/tex/generic/pgf/math/pgfmathutil.code.tex)
(/usr/share/texlive/texmf-dist/tex/generic/pgf/math/pgfmathparser.code.tex
\pgfmath@dimen=\dimen157
\pgfmath@count=\count277
\pgfmath@box=\box54
\pgfmath@toks=\toks26
\pgfmath@stack@operand=\toks27
\pgfmath@stack@operation=\toks28
)
(/usr/share/texlive/texmf-dist/tex/generic/pgf/math/pgfmathfunctions.code.tex
(/usr/share/texlive/texmf-dist/tex/generic/pgf/math/pgfmathfunctions.basic.code
.tex)
(/usr/share/texlive/texmf-dist/tex/generic/pgf/math/pgfmathfunctions.trigonomet
ric.code.tex)
(/usr/share/texlive/texmf-dist/tex/generic/pgf/math/pgfmathfunctions.random.cod
e.tex)
(/usr/share/texlive/texmf-dist/tex/generic/pgf/math/pgfmathfunctions.comparison
.code.tex)
(/usr/share/texlive/texmf-dist/tex/generic/pgf/math/pgfmathfunctions.base.code.
tex)
(/usr/share/texlive/texmf-dist/tex/generic/pgf/math/pgfmathfunctions.round.code
.tex)
(/usr/share/texlive/texmf-dist/tex/generic/pgf/math/pgfmathfunctions.misc.code.
tex)
(/usr/share/texlive/texmf-dist/tex/generic/pgf/math/pgfmathfunctions.integerari
thmetics.code.tex)))
(/usr/share/texlive/texmf-dist/tex/generic/pgf/math/pgfmathfloat.code.tex
\c@pgfmathroundto@lastzeros=\count278
))
(/usr/share/texlive/texmf-dist/tex/generic/pgf/math/pgfint.code.tex)
(/usr/share/texlive/texmf-dist/tex/generic/pgf/basiclayer/pgfcorepoints.code.te
x
File: pgfcorepoints.code.tex 2021/05/15 v3.1.9a (3.1.9a)
\pgf@picminx=\dimen158
\pgf@picmaxx=\dimen159
\pgf@picminy=\dimen160
\pgf@picmaxy=\dimen161
\pgf@pathminx=\dimen162
\pgf@pathmaxx=\dimen163
\pgf@pathminy=\dimen164
\pgf@pathmaxy=\dimen165
\pgf@xx=\dimen166
\pgf@xy=\dimen167
\pgf@yx=\dimen168
\pgf@yy=\dimen169
\pgf@zx=\dimen170
\pgf@zy=\dimen171
)
(/usr/share/texlive/texmf-dist/tex/generic/pgf/basiclayer/pgfcorepathconstruct.
code.tex
File: pgfcorepathconstruct.code.tex 2021/05/15 v3.1.9a (3.1.9a)
\pgf@path@lastx=\dimen172
\pgf@path@lasty=\dimen173
)
(/usr/share/texlive/texmf-dist/tex/generic/pgf/basiclayer/pgfcorepathusage.code
.tex
File: pgfcorepathusage.code.tex 2021/05/15 v3.1.9a (3.1.9a)
\pgf@shorten@end@additional=\dimen174
\pgf@shorten@start@additional=\dimen175
)
(/usr/share/texlive/texmf-dist/tex/generic/pgf/basiclayer/pgfcorescopes.code.te
x
File: pgfcorescopes.code.tex 2021/05/15 v3.1.9a (3.1.9a)
\pgfpic=\box55
\pgf@hbox=\box56
\pgf@layerbox@main=\box57
\pgf@picture@serial@count=\count279
)
(/usr/share/texlive/texmf-dist/tex/generic/pgf/basiclayer/pgfcoregraphicstate.c
ode.tex
File: pgfcoregraphicstate.code.tex 2021/05/15 v3.1.9a (3.1.9a)
\pgflinewidth=\dimen176
)
(/usr/share/texlive/texmf-dist/tex/generic/pgf/basiclayer/pgfcoretransformation
s.code.tex
File: pgfcoretransformations.code.tex 2021/05/15 v3.1.9a (3.1.9a)
\pgf@pt@x=\dimen177
\pgf@pt@y=\dimen178
\pgf@pt@temp=\dimen179
)
(/usr/share/texlive/texmf-dist/tex/generic/pgf/basiclayer/pgfcorequick.code.tex
File: pgfcorequick.code.tex 2021/05/15 v3.1.9a (3.1.9a)
)
(/usr/share/texlive/texmf-dist/tex/generic/pgf/basiclayer/pgfcoreobjects.code.t
ex
File: pgfcoreobjects.code.tex 2021/05/15 v3.1.9a (3.1.9a)
)
(/usr/share/texlive/texmf-dist/tex/generic/pgf/basiclayer/pgfcorepathprocessing
.code.tex
File: pgfcorepathprocessing.code.tex 2021/05/15 v3.1.9a (3.1.9a)
)
(/usr/share/texlive/texmf-dist/tex/generic/pgf/basiclayer/pgfcorearrows.code.te
x
File: pgfcorearrows.code.tex 2021/05/15 v3.1.9a (3.1.9a)
\pgfarrowsep=\dimen180
)
(/usr/share/texlive/texmf-dist/tex/generic/pgf/basiclayer/pgfcoreshade.code.tex
File: pgfcoreshade.code.tex 2021/05/15 v3.1.9a (3.1.9a)
\pgf@max=\dimen181
\pgf@sys@shading@range@num=\count280
\pgf@shadingcount=\count281
)
(/usr/share/texlive/texmf-dist/tex/generic/pgf/basiclayer/pgfcoreimage.code.tex
File: pgfcoreimage.code.tex 2021/05/15 v3.1.9a (3.1.9a)

(/usr/share/texlive/texmf-dist/tex/generic/pgf/basiclayer/pgfcoreexternal.code.
tex
File: pgfcoreexternal.code.tex 2021/05/15 v3.1.9a (3.1.9a)
\pgfexternal@startupbox=\box58
))
(/usr/share/texlive/texmf-dist/tex/generic/pgf/basiclayer/pgfcorelayers.code.te
x
File: pgfcorelayers.code.tex 2021/05/15 v3.1.9a (3.1.9a)
)
(/usr/share/texlive/texmf-dist/tex/generic/pgf/basiclayer/pgfcoretransparency.c
ode.tex
File: pgfcoretransparency.code.tex 2021/05/15 v3.1.9a (3.1.9a)
)
(/usr/share/texlive/texmf-dist/tex/generic/pgf/basiclayer/pgfcorepatterns.code.
tex
File: pgfcorepatterns.code.tex 2021/05/15 v3.1.9a (3.1.9a)
)
(/usr/share/texlive/texmf-dist/tex/generic/pgf/basiclayer/pgfcorerdf.code.tex
File: pgfcorerdf.code.tex 2021/05/15 v3.1.9a (3.1.9a)
)))
(/usr/share/texlive/texmf-dist/tex/generic/pgf/modules/pgfmoduleshapes.code.tex
File: pgfmoduleshapes.code.tex 2021/05/15 v3.1.9a (3.1.9a)
\pgfnodeparttextbox=\box59
) (/usr/share/texlive/texmf-dist/tex/generic/pgf/modules/pgfmoduleplot.code.tex
File: pgfmoduleplot.code.tex 2021/05/15 v3.1.9a (3.1.9a)
)
(/usr/share/texlive/texmf-dist/tex/latex/pgf/compatibility/pgfcomp-version-0-65
.sty
Package: pgfcomp-version-0-65 2021/05/15 v3.1.9a (3.1.9a)
\pgf@nodesepstart=\dimen182
\pgf@nodesepend=\dimen183
)
(/usr/share/texlive/texmf-dist/tex/latex/pgf/compatibility/pgfcomp-version-1-18
.sty
Package: pgfcomp-version-1-18 2021/05/15 v3.1.9a (3.1.9a)
)) (/usr/share/texlive/texmf-dist/tex/latex/tools/verbatim.sty
Package: verbatim 2020-07-07 v1.5u LaTeX2e package for verbatim enhancements
\every@verbatim=\toks29
\verbatim@line=\toks30
\verbatim@in@stream=\read3
)
(/usr/share/texlive/texmf-dist/tex/latex/environ/environ.sty
Package: environ 2014/05/04 v0.3 A new way to define environments

(/usr/share/texlive/texmf-dist/tex/latex/trimspaces/trimspaces.sty
Package: trimspaces 2009/09/17 v1.1 Trim spaces around a token list
)
\@envbody=\toks31
)
(/usr/share/texlive/texmf-dist/tex/latex/etoolbox/etoolbox.sty
Package: etoolbox 2020/10/05 v2.5k e-TeX tools for LaTeX (JAW)
\etb@tempcnta=\count282
)
\tcb@titlebox=\box60
\tcb@upperbox=\box61
\tcb@lowerbox=\box62
\tcb@phantombox=\box63
\c@tcbbreakpart=\count283
\c@tcblayer=\count284
\c@tcolorbox@number=\count285
\tcb@temp=\box64
\tcb@temp=\box65
\tcb@temp=\box66
\tcb@temp=\box67
)
(/usr/share/texlive/texmf-dist/tex/latex/amsmath/amsmath.sty
Package: amsmath 2021/10/15 v2.17l AMS math features
\@mathmargin=\skip52

For additional information on amsmath, use the `?' option.
(/usr/share/texlive/texmf-dist/tex/latex/amsmath/amstext.sty
Package: amstext 2021/08/26 v2.01 AMS text

(/usr/share/texlive/texmf-dist/tex/latex/amsmath/amsgen.sty
File: amsgen.sty 1999/11/30 v2.0 generic functions
\@emptytoks=\toks32
\ex@=\dimen184
))
(/usr/share/texlive/texmf-dist/tex/latex/amsmath/amsbsy.sty
Package: amsbsy 1999/11/29 v1.2d Bold Symbols
\pmbraise@=\dimen185
)
(/usr/share/texlive/texmf-dist/tex/latex/amsmath/amsopn.sty
Package: amsopn 2021/08/26 v2.02 operator names
)
\inf@bad=\count286
LaTeX Info: Redefining \frac on input line 234.
\uproot@=\count287
\leftroot@=\count288
LaTeX Info: Redefining \overline on input line 399.
\classnum@=\count289
\DOTSCASE@=\count290
LaTeX Info: Redefining \ldots on input line 496.
LaTeX Info: Redefining \dots on input line 499.
LaTeX Info: Redefining \cdots on input line 620.
\Mathstrutbox@=\box68
\strutbox@=\box69
\big@size=\dimen186
LaTeX Font Info:    Redeclaring font encoding OML on input line 743.
LaTeX Font Info:    Redeclaring font encoding OMS on input line 744.
\macc@depth=\count291
\c@MaxMatrixCols=\count292
\dotsspace@=\muskip17
\c@parentequation=\count293
\dspbrk@lvl=\count294
\tag@help=\toks33
\row@=\count295
\column@=\count296
\maxfields@=\count297
\andhelp@=\toks34
\eqnshift@=\dimen187
\alignsep@=\dimen188
\tagshift@=\dimen189
\tagwidth@=\dimen190
\totwidth@=\dimen191
\lineht@=\dimen192
\@envbody=\toks35
\multlinegap=\skip53
\multlinetaggap=\skip54
\mathdisplay@stack=\toks36
LaTeX Info: Redefining \[ on input line 2938.
LaTeX Info: Redefining \] on input line 2939.
)
(/usr/share/texlive/texmf-dist/tex/latex/amsfonts/amssymb.sty
Package: amssymb 2013/01/14 v3.01 AMS font symbols

(/usr/share/texlive/texmf-dist/tex/latex/amsfonts/amsfonts.sty
Package: amsfonts 2013/01/14 v3.01 Basic AMSFonts support
\symAMSa=\mathgroup6
\symAMSb=\mathgroup7
LaTeX Font Info:    Overwriting math alphabet `\mathfrak' in version `bold'
(Font)                  U/euf/m/n --> U/euf/b/n on input line 106.
))
\c@definition=\count298
\c@lemma=\count299

(/usr/share/texlive/texmf-dist/tex/latex/l3backend/l3backend-pdftex.def
File: l3backend-pdftex.def 2022-01-12 L3 backend support: PDF output (pdfTeX)
\l__color_backend_stack_int=\count300
\l__pdf_internal_box=\box70
)
(./from2023.aux

! LaTeX Error: Missing \begin{document}.

See the LaTeX manual or LaTeX Companion for explanation.
Type  H <return>  for immediate help.
 ...                                              
                                                  
l.20 c
      itation{barendregtLambdaCalculusIts1984}
? 
)
\openout1 = `from2023.aux'.

LaTeX Font Info:    Checking defaults for OML/cmm/m/it on input line 40.
LaTeX Font Info:    ... okay on input line 40.
LaTeX Font Info:    Checking defaults for OMS/cmsy/m/n on input line 40.
LaTeX Font Info:    ... okay on input line 40.
LaTeX Font Info:    Checking defaults for OT1/cmr/m/n on input line 40.
LaTeX Font Info:    ... okay on input line 40.
LaTeX Font Info:    Checking defaults for T1/cmr/m/n on input line 40.
LaTeX Font Info:    ... okay on input line 40.
LaTeX Font Info:    Checking defaults for TS1/cmr/m/n on input line 40.
LaTeX Font Info:    ... okay on input line 40.
LaTeX Font Info:    Checking defaults for OMX/cmex/m/n on input line 40.
LaTeX Font Info:    ... okay on input line 40.
LaTeX Font Info:    Checking defaults for U/cmr/m/n on input line 40.
LaTeX Font Info:    ... okay on input line 40.
LaTeX Font Info:    Checking defaults for PD1/pdf/m/n on input line 40.
LaTeX Font Info:    ... okay on input line 40.
LaTeX Font Info:    Checking defaults for PU/pdf/m/n on input line 40.
LaTeX Font Info:    ... okay on input line 40.
Package hyperref Info: Link coloring ON on input line 40.
 (/usr/share/texlive/texmf-dist/tex/latex/hyperref/nameref.sty
Package: nameref 2021-04-02 v2.47 Cross-referencing by name of section

(/usr/share/texlive/texmf-dist/tex/latex/refcount/refcount.sty
Package: refcount 2019/12/15 v3.6 Data extraction from label references (HO)
)
(/usr/share/texlive/texmf-dist/tex/generic/gettitlestring/gettitlestring.sty
Package: gettitlestring 2019/12/15 v1.6 Cleanup title references (HO)
)
\c@section@level=\count301
)
LaTeX Info: Redefining \ref on input line 40.
LaTeX Info: Redefining \pageref on input line 40.
LaTeX Info: Redefining \nameref on input line 40.

(./from2023.out
Overfull \hbox (1.61224pt too wide) in paragraph at lines 20--1
[]\T1/ptm/m/n/10.95 citationbarendregtLambdaCalculusIts1984 ci-ta-tionfmm2021 c
i-ta-tion-nakazawa-Com-po-si-tion-al-Con-flu-
 []


Overfull \hbox (2.26329pt too wide) in paragraph at lines 20--1
\T1/ptm/m/n/10.95 en-ce-Proofs2016 ci-ta-tion-nakazawa-Call-by-value2017 ci-ta-
tionkesner-Per-pet-u-al-i-ty-Full-Safe2008 bib-styleeptcs
 []


Overfull \hbox (39.45265pt too wide) in paragraph at lines 20--1
\T1/ptm/m/n/10.95 bib-data-zotLib newla-bel-Last-Page1page.1 gdef @ab-spage@las
t1                                                                             
                             
 []

) (./from2023.out)
\@outlinefile=\write4
\openout4 = `from2023.out'.


(/usr/share/texlive/texmf-dist/tex/context/base/mkii/supp-pdf.mkii
[Loading MPS to PDF converter (version 2006.09.02).]
\scratchcounter=\count302
\scratchdimen=\dimen193
\scratchbox=\box71
\nofMPsegments=\count303
\nofMParguments=\count304
\everyMPshowfont=\toks37
\MPscratchCnt=\count305
\MPscratchDim=\dimen194
\MPnumerator=\count306
\makeMPintoPDFobject=\count307
\everyMPtoPDFconversion=\toks38
) (/usr/share/texlive/texmf-dist/tex/latex/epstopdf-pkg/epstopdf-base.sty
Package: epstopdf-base 2020-01-24 v2.11 Base part for package epstopdf
Package epstopdf-base Info: Redefining graphics rule for `.eps' on input line 4
85.

(/usr/share/texlive/texmf-dist/tex/latex/latexconfig/epstopdf-sys.cfg
File: epstopdf-sys.cfg 2010/07/13 v1.3 Configuration of (r)epstopdf for TeX Liv
e
))
! Undefined control sequence.
l.51 \DeclareOptionX
                    {bacharelado}{%
? 
! Undefined control sequence.
l.61 \DeclareOptionX
                    {impressao}{\@ForScreenViewfalse\@LoadHyperreffalse}
? 
! Use of \@ doesn't match its definition.
l.61 \DeclareOptionX{impressao}{\@F
                                   orScreenViewfalse\@LoadHyperreffalse}
? 
! Use of \@ doesn't match its definition.
l.61 ...OptionX{impressao}{\@ForScreenViewfalse\@L
                                                  oadHyperreffalse}
? 
! Undefined control sequence.
l.62 \DeclareOptionX
                    {hyperref}[load]{\@ForScreenViewtrue%
? 
! Use of \@ doesn't match its definition.
l.62 \DeclareOptionX{hyperref}[load]{\@F
                                        orScreenViewtrue%
? 
! Illegal parameter number in definition of \@.
<to be read again> 
                   1
l.63 	\def\@tempa{#1
                    }\def\@tempb{load}\def\@tempc{config}%
? 

! Illegal parameter number in definition of  .
<to be read again> 
                   1
l.70 ...s: hyperref,hyperref=load,hyperref=config}
                                                  
? 
! Class UnB-CIC Error: Valor invalido para opcao hyperref: ##1.

See the UnB-CIC class documentation for explanation.
Type  H <return>  for immediate help.
 ...                                              
                                                  
l.70 ...s: hyperref,hyperref=load,hyperref=config}
                                                  
? 

Overfull \hbox (62.01219pt too wide) in paragraph at lines 59--74
[]\T1/ptm/m/n/10.95 @ForScreenView @Load-Hy-per-ref im-pres-saoorScreen-View-fa
lseoad-Hy-per-ref-false hy-per-ref[load]orScreenViewtrue
 []


Underfull \hbox (badness 10000) in paragraph at lines 59--74

 []

! Undefined control sequence.
l.77 \DeclareOptionX
                    {10pt}{\gdef\@fontsize{10pt}}
? 
! Undefined control sequence.
l.78 \DeclareOptionX
                    {11pt}{\gdef\@fontsize{11pt}}
? 
! Undefined control sequence.
l.79 \DeclareOptionX
                    {12pt}{\gdef\@fontsize{12pt}}
? 
! Undefined control sequence.
l.82 \DeclareOptionX
                    {prestyle}{\gdef\style@pretextual{#1}}
? 
! Illegal parameter number in definition of \style.
<to be read again> 
                   1
l.82 ...ptionX{prestyle}{\gdef\style@pretextual{#1
                                                  }}
? 
! Undefined control sequence.
l.83 \DeclareOptionX
                    {textstyle}{\gdef\style@textual{#1}}
? 
! Illegal parameter number in definition of \style.
<to be read again> 
                   1
l.83 ...eOptionX{textstyle}{\gdef\style@textual{#1
                                                  }}
? 
! Undefined control sequence.
l.84 \DeclareOptionX
                    {chapstyle}{\gdef\style@chapter{#1}}
? 
! Illegal parameter number in definition of \style.
<to be read again> 
                   1
l.84 ...eOptionX{chapstyle}{\gdef\style@chapter{#1
                                                  }}
? 
! Undefined control sequence.
l.88 \DeclareOptionX
                    {draft}{\@draftthesistrue}
? 
! Use of \@ doesn't match its definition.
l.88 \DeclareOptionX{draft}{\@d
                               raftthesistrue}
? 
! Undefined control sequence.
l.95 \DeclareOptionX
                    *{\PassOptionsToClass{\CurrentOption}{report}}
? 

! LaTeX Error: Can be used only in preamble.

See the LaTeX manual or LaTeX Companion for explanation.
Type  H <return>  for immediate help.
 ...                                              
                                                  
l.95 \DeclareOptionX*{\PassOptionsToClass
                                         {\CurrentOption}{report}}
? 
! Undefined control sequence.
l.98 \ExecuteOptionsX
                     {onehalfspacing,hyperref,prestyle=plain,textstyle=plain...

? 
! Undefined control sequence.
l.99 \ProcessOptionsX
                     \relax
? 
! Argument of reserved@f has an extra }.
<inserted text> 
                par 
l.122 
      
? 
Runaway argument?
@nnil ifx external@font @empty @latex@error {Font expandafter string ETC.
! Paragraph ended before reserved@f was complete.
<to be read again> 
                   par 
l.122 
      
? 
! Extra }, or forgotten endgroup.
<recently read> }
                 
l.122 
      
? 
! Extra }, or forgotten endgroup.
@outputpage ...lcolor hb@xt@ textwidth {@thehead }
                                                  color@endbox }dp @tempboxa...
l.122 
      
? 
! Missing \endgroup inserted.
<inserted text> 
                \endgroup 
l.122 
      
? 
! Missing } inserted.
<inserted text> 
                }
l.122 
      
? 

Overfull \vbox (673.43399pt too high) has occurred while \output is active []


[2]
! Argument of reserved@f has an extra }.
<inserted text> 
                par 
l.122 
      
? 
Runaway argument?
@nnil ifx external@font @empty @latex@error {Font expandafter string ETC.
! Paragraph ended before reserved@f was complete.
<to be read again> 
                   par 
l.122 
      
? 
! Extra }, or forgotten endgroup.
<recently read> }
                 
l.122 
      
? 
! Argument of reserved@f has an extra }.
<inserted text> 
                par 
l.122 
      
? 
Runaway argument?
@nnil ifx external@font @empty @latex@error {Font expandafter string ETC.
! Paragraph ended before reserved@f was complete.
<to be read again> 
                   par 
l.122 
      
? 
! Extra }, or forgotten endgroup.
<recently read> }
                 
l.122 
      
? 

! LaTeX Error: Something's wrong--perhaps a missing \item.

See the LaTeX manual or LaTeX Companion for explanation.
Type  H <return>  for immediate help.
 ...                                              
                                                  
l.122 
      
? 

! LaTeX Error: Something's wrong--perhaps a missing \item.

See the LaTeX manual or LaTeX Companion for explanation.
Type  H <return>  for immediate help.
 ...                                              
                                                  
l.122 
      
? 

! LaTeX Error: Something's wrong--perhaps a missing \item.

See the LaTeX manual or LaTeX Companion for explanation.
Type  H <return>  for immediate help.
 ...                                              
                                                  
l.122 
      
? 
Runaway argument?
@nnil ifx external@font @empty @latex@error {Font expandafter string ETC.
! Paragraph ended before reserved@f was complete.
<to be read again> 
                   par 
l.122 
      
? 
! Extra }, or forgotten endgroup.
@maketitle ... thanks {LARGE bfseries @title par }
                                                  vskip 2em{large lineskip ....
l.122 
      
? 
! Missing endgroup inserted.
<inserted text> 
                endgroup 
l.122 
      
? 
! Missing } inserted.
<inserted text> 
                }
l.122 
      
? 
! Missing \endgroup inserted.
<inserted text> 
                \endgroup 
l.122 
      
? 
! Missing \endgroup inserted.
<inserted text> 
                \endgroup 
l.122 
      
? 
! Missing } inserted.
<inserted text> 
                }
l.122 
      
? 
! Missing \endgroup inserted.
<inserted text> 
                \endgroup 
l.122 
      
? 
! Missing \endgroup inserted.
<inserted text> 
                \endgroup 
l.122 
      
? 
! Missing } inserted.
<inserted text> 
                }
l.122 
      
? 
Runaway argument?
@nnil ifx external@font @empty @latex@error {Font expandafter string ETC.
! Paragraph ended before reserved@f was complete.
<to be read again> 
                   par 
l.122 
      
? 
! Extra }, or forgotten endgroup.
@maketitle ...lar}[t]{c}@author end {tabular}par }
                                                  vskip 1emend {center}par m...
l.122 
      
? 

! LaTeX Error: Something's wrong--perhaps a missing item.

See the LaTeX manual or LaTeX Companion for explanation.
Type  H <return>  for immediate help.
 ...                                              
                                                  
l.122 
      
? 

! LaTeX Error: begin{document} ended by end{center}.

See the LaTeX manual or LaTeX Companion for explanation.
Type  H <return>  for immediate help.
 ...                                              
                                                  
l.122 
      
? 
! Missing } inserted.
<inserted text> 
                }
l.122 
      
? 
Runaway argument?
@nnil ifx external@font @empty @latex@error {Font expandafter string ETC.
! Paragraph ended before reserved@f was complete.
<to be read again> 
                   par 
l.126 
      
? 
(./lambda_es.tex
Runaway argument?
@nnil ifx external@font @empty @latex@error {Font expandafter string ETC.
! Paragraph ended before reserved@f was complete.
<to be read again> 
                   par 
l.5 
    
? 
! Argument of reserved@f has an extra }.
<inserted text> 
                par 
l.8 ...lemma\cite{barendregtLambdaCalculusIts1984}
                                                   in a general framework th...

? 
Runaway argument?
@nnil ifx external@font @empty @latex@error {Font expandafter string ETC.
! Paragraph ended before reserved@f was complete.
<to be read again> 
                   par 
l.8 ...lemma\cite{barendregtLambdaCalculusIts1984}
                                                   in a general framework th...

? 
! Extra }, or forgotten endgroup.
<recently read> }
                 
l.8 ...lemma\cite{barendregtLambdaCalculusIts1984}
                                                   in a general framework th...

? 

LaTeX Warning: Citation `barendregtLambdaCalculusIts1984' on page 2 undefined o
n input line 8.

! Extra }, or forgotten endgroup.
@cite #1#2->[{#1if@tempswa , #2fi }
                                   ]
l.8 ...lemma\cite{barendregtLambdaCalculusIts1984}
                                                   in a general framework th...

? 
LaTeX Font Info:    Trying to load font information for OT1+ztmcm on input line
 8.
(/usr/share/texlive/texmf-dist/tex/latex/psnfss/ot1ztmcm.fd
File: ot1ztmcm.fd 2000/01/03 Fontinst v1.801 font definitions for OT1/ztmcm.
)
! Font OT1/ztmcm/m/n/10= not loadable: Metric (TFM) file not found.
<to be read again> 
                   OT1/ztmcm/m/n/10 
l.747 ...lemmas regarding [fv_nom], [swap] and [<>
                                                  ] in a trivial manner.*$
? 
! Missing endgroup inserted.
<inserted text> 
                endgroup 
l.747 ...lemmas regarding [fv_nom], [swap] and [<>
                                                  ] in a trivial manner.*$
? 
! Missing endgroup inserted.
<inserted text> 
                endgroup 
l.747 ...lemmas regarding [fv_nom], [swap] and [<>
                                                  ] in a trivial manner.*$
? 
! Math formula deleted: Insufficient symbol fonts.
<recently read> $
                 
l.747 ...lemmas regarding [fv_nom], [swap] and [<>
                                                  ] in a trivial manner.*$
? 
! Missing number, treated as zero.
<to be read again> 
                   advance 
l.747 ...lemmas regarding [fv_nom], [swap] and [<>
                                                  ] in a trivial manner.*$
? 
! Illegal unit of measure (pt inserted).
<to be read again> 
                   advance 
l.747 ...lemmas regarding [fv_nom], [swap] and [<>
                                                  ] in a trivial manner.*$
? 
! Argument of reserved@f has an extra }.
<inserted text> 
                par 
l.747 ...lemmas regarding [fv_nom], [swap] and [<>
                                                  ] in a trivial manner.*$
? 
Runaway argument?
@nnil ifx external@font @empty @latex@error {Font expandafter string ETC.
! Paragraph ended before reserved@f was complete.
<to be read again> 
                   par 
l.747 ...lemmas regarding [fv_nom], [swap] and [<>
                                                  ] in a trivial manner.*$
? 
! Extra }, or forgotten endgroup.
<recently read> }
                 
l.747 ...lemmas regarding [fv_nom], [swap] and [<>
                                                  ] in a trivial manner.*$
? 
! Extra else.
tryif@simple ...empdimc def best@size {#1}fi else 
                                                  ifx external@font @empty i...
l.747 ...lemmas regarding [fv_nom], [swap] and [<>
                                                  ] in a trivial manner.*$
? 
Runaway argument?
font@submax relax xdef font@submax {the @tempdimb }fi let f@user@size ETC.
! Paragraph ended before reserved@f was complete.
<to be read again> 
                   par 
l.799 
      
? 

! LaTeX Error: Something's wrong--perhaps a missing item.

See the LaTeX manual or LaTeX Companion for explanation.
Type  H <return>  for immediate help.
 ...                                              
                                                  
l.800 \section
              {Conclusion and Future work}
? 

! LaTeX Error: Something's wrong--perhaps a missing item.

See the LaTeX manual or LaTeX Companion for explanation.
Type  H <return>  for immediate help.
 ...                                              
                                                  
l.800 \section
              {Conclusion and Future work}
? 
Runaway argument?
@nnil ifx external@font @empty @latex@error {Font expandafter string ETC.
! Paragraph ended before reserved@f was complete.
<to be read again> 
                   par 
l.801 
      
? 
Runaway argument?
@nnil ifx external@font @empty @latex@error {Font expandafter string ETC.
! Paragraph ended before reserved@f was complete.
<to be read again> 
                   par 
l.805 
      
? 

! LaTeX Error: Command $ invalid in math mode.

See the LaTeX manual or LaTeX Companion for explanation.
Type  H <return>  for immediate help.
 ...                                              
                                                  
l.807 ...laviodemoura/lx_confl/tree/m_subst_lemma}
                                                  .
? 

! LaTeX Error: Command ttfamily invalid in math mode.

See the LaTeX manual or LaTeX Companion for explanation.
Type  H <return>  for immediate help.
 ...                                              
                                                  
l.807 ...laviodemoura/lx_confl/tree/m_subst_lemma}
                                                  .
? 
! Argument of reserved@f has an extra }.
<inserted text> 
                par 
l.807 ...laviodemoura/lx_confl/tree/m_subst_lemma}
                                                  .
? 
Runaway argument?
@nnil ifx external@font @empty @latex@error {Font expandafter string ETC.
! Paragraph ended before reserved@f was complete.
<to be read again> 
                   par 
l.807 ...laviodemoura/lx_confl/tree/m_subst_lemma}
                                                  .
? 
! Extra }, or forgotten endgroup.
<recently read> }
                 
l.807 ...laviodemoura/lx_confl/tree/m_subst_lemma}
                                                  .
? 
! Missing } inserted.
<inserted text> 
                }
l.807 ...laviodemoura/lx_confl/tree/m_subst_lemma}
                                                  .
? 
! Argument of reserved@f has an extra }.
<inserted text> 
                par 
l.810 ... related to the Z property \cite{fmm2021}
                                                   to prove properties of ca...

? 
Runaway argument?
@nnil ifx external@font @empty @latex@error {Font expandafter string ETC.
! Paragraph ended before reserved@f was complete.
<to be read again> 
                   par 
l.810 ... related to the Z property \cite{fmm2021}
                                                   to prove properties of ca...

? 
! Extra }, or forgotten endgroup.
<recently read> }
                 
l.810 ... related to the Z property \cite{fmm2021}
                                                   to prove properties of ca...

? 

LaTeX Warning: Citation `fmm2021' on page 2 undefined on input line 810.

! Extra }, or forgotten endgroup.
@cite #1#2->[{#1if@tempswa , #2fi }
                                   ]
l.810 ... related to the Z property \cite{fmm2021}
                                                   to prove properties of ca...

? 
! Argument of reserved@f has an extra }.
<inserted text> 
                par 
l.810 ...value2017,kesnerPerpetualityFullSafe2008}
                                                  .
? 
Runaway argument?
@nnil ifx external@font @empty @latex@error {Font expandafter string ETC.
! Paragraph ended before reserved@f was complete.
<to be read again> 
                   par 
l.810 ...value2017,kesnerPerpetualityFullSafe2008}
                                                  .
? 
! Extra }, or forgotten endgroup.
<recently read> }
                 
l.810 ...value2017,kesnerPerpetualityFullSafe2008}
                                                  .
? 

LaTeX Warning: Citation `nakazawaCompositionalConfluenceProofs2016' on page 2 u
ndefined on input line 810.

! Argument of reserved@f has an extra }.
<inserted text> 
                par 
l.810 ...value2017,kesnerPerpetualityFullSafe2008}
                                                  .
? 
Runaway argument?
@nnil ifx external@font @empty @latex@error {Font expandafter string ETC.
! Paragraph ended before reserved@f was complete.
<to be read again> 
                   par 
l.810 ...value2017,kesnerPerpetualityFullSafe2008}
                                                  .
? 
! Extra }, or forgotten endgroup.
<recently read> }
                 
l.810 ...value2017,kesnerPerpetualityFullSafe2008}
                                                  .
? 

LaTeX Warning: Citation `nakazawaCallbyvalue2017' on page 2 undefined on input 
line 810.

! Argument of reserved@f has an extra }.
<inserted text> 
                par 
l.810 ...value2017,kesnerPerpetualityFullSafe2008}
                                                  .
? 
Runaway argument?
@nnil ifx external@font @empty @latex@error {Font expandafter string ETC.
! Paragraph ended before reserved@f was complete.
<to be read again> 
                   par 
l.810 ...value2017,kesnerPerpetualityFullSafe2008}
                                                  .
? 
! Extra }, or forgotten endgroup.
<recently read> }
                 
l.810 ...value2017,kesnerPerpetualityFullSafe2008}
                                                  .
? 

LaTeX Warning: Citation `kesnerPerpetualityFullSafe2008' on page 2 undefined on
 input line 810.

! Extra }, or forgotten endgroup.
@cite #1#2->[{#1if@tempswa , #2fi }
                                   ]
l.810 ...value2017,kesnerPerpetualityFullSafe2008}
                                                  .
? 
)
LaTeX Font Info:    No file from2023.bbl. on input line 136.

! Improper prevdepth.
newpage ...alse everypar {}fi par ifdim prevdepth 
                                                  >z@ vskip -ifdim prevdepth...
l.137 \end{document}
                    
? 
! Missing endgroup inserted.
<inserted text> 
                endgroup 
l.137 \end{document}
                    
? 
! Missing } inserted.
<inserted text> 
                }
l.137 \end{document}
                    
? 
! Missing endgroup inserted.
<inserted text> 
                endgroup 
l.137 \end{document}
                    
? 
! Missing } inserted.
<inserted text> 
                }
l.137 \end{document}
                    
? 
! Missing endgroup inserted.
<inserted text> 
                endgroup 
l.137 \end{document}
                    
? 
! Missing } inserted.
<inserted text> 
                }
l.137 \end{document}
                    
? 
! Missing } inserted.
<inserted text> 
                }
l.137 \end{document}
                    
? 
! Missing endgroup inserted.
<inserted text> 
                endgroup 
l.137 \end{document}
                    
? 
! Missing } inserted.
<inserted text> 
                }
l.137 \end{document}
                    
? 
! Missing $ inserted.
<inserted text> 
                $
l.137 \end{document}
                    
? 
! Missing } inserted.
<inserted text> 
                }
l.137 \end{document}
                    
? 
! Missing endgroup inserted.
<inserted text> 
                endgroup 
l.137 \end{document}
                    
? 
! Missing endgroup inserted.
<inserted text> 
                endgroup 
l.137 \end{document}
                    
? 
! Missing endgroup inserted.
<inserted text> 
                endgroup 
l.137 \end{document}
                    
? 
! Math formula deleted: Insufficient symbol fonts.
<recently read> $
                 
l.137 \end{document}
                    
? 
! Missing endgroup inserted.
<inserted text> 
                endgroup 
l.137 \end{document}
                    
? 
! Missing endgroup inserted.
<inserted text> 
                endgroup 
l.137 \end{document}
                    
? 
! Missing endgroup inserted.
<inserted text> 
                endgroup 
l.137 \end{document}
                    
? 
! Missing } inserted.
<inserted text> 
                }
l.137 \end{document}
                    
? 

! LaTeX Error: Something's wrong--perhaps a missing item.

See the LaTeX manual or LaTeX Companion for explanation.
Type  H <return>  for immediate help.
 ...                                              
                                                  
l.137 \end{document}
                    
? 

Overfull \hbox (526.90524pt too wide) has occurred while \output is active
[]T1/ptm/m/n/10.95 In this work, we present a for-mal-iza-tion of the sub-sti-t
u-tion lemma[[] 
 []

pages=write5
\openout5 = `from2023.pag'.


! LaTeX Error: Something's wrong--perhaps a missing item.

See the LaTeX manual or LaTeX Companion for explanation.
Type  H <return>  for immediate help.
 ...                                              
                                                  
l.137 \end{document}
                    
? 

! LaTeX Error: begin{list} on input line 123 ended by end{document}.

See the LaTeX manual or LaTeX Companion for explanation.
Type  H <return>  for immediate help.
 ...                                              
                                                  
l.137 \end{document}
                    
? 

! LaTeX Error: Something's wrong--perhaps a missing item.

See the LaTeX manual or LaTeX Companion for explanation.
Type  H <return>  for immediate help.
 ...                                    